builddriver executing: 'make -j'
Compilation SUCCEED in 107.05401 seconds
Number of warnings: 63
For full log, please open: /var/folders/wb/ckvxxgls5db7qyhqq4y5_l1c0000gq/T/build-2ezg1igo.log
WarningErrorEntry(path='/usr/local/include/omniORB4/pollable_defs.hh', lineno='178', severity='warning', message="'CORBA::DIIPollable::_PR_copy_state' hides overloaded virtual function [-Woverloaded-virtual]", column='16')
WarningErrorEntry(path='/usr/local/include/omniORB4/messaging.hh', lineno='252', severity='warning', message="'Messaging::Poller::_PR_copy_state' hides overloaded virtual function [-Woverloaded-virtual]", column='18')
WarningErrorEntry(path='WellKnownPropertiesDynSK.cpp', lineno='7', severity='warning', message="unused variable '_0RL_dyn_library_version' [-Wunused-variable]", column='20')
WarningErrorEntry(path='PortDynSK.cpp', lineno='7', severity='warning', message="unused variable '_0RL_dyn_library_version' [-Wunused-variable]", column='20')
WarningErrorEntry(path='StandardEventSK.cpp', lineno='13', severity='warning', message="unused variable '_0RL_library_version' [-Wunused-variable]", column='20')
WarningErrorEntry(path='WellKnownPropertiesSK.cpp:13:20: warningDataTypeSK.cpp', lineno='13', severity='warning', message="unused variable '_0RL_library_version' [-Wunused-variable]", column='20')
WarningErrorEntry(path='PortSK.cpp', lineno='13', severity='warning', message="unused variable '_0RL_library_version' [-Wunused-variable]", column='20')
WarningErrorEntry(path='QueryablePortDynSK.cpp', lineno='7', severity='warning', message="unused variable '_0RL_dyn_library_version' [-Wunused-variable]", column='20')
WarningErrorEntry(path='PortTypesSK.cpp', lineno='13', severity='warning', message="unused variable '_0RL_library_version' [-Wunused-variable]", column='20')
WarningErrorEntry(path='StandardEventDynSK.cpp', lineno='7', severity='warning', message="unused variable '_0RL_dyn_library_version' [-Wunused-variable]", column='20')
WarningErrorEntry(path='DataTypeDynSK.cpp', lineno='7', severity='warning', message="unused variable '_0RL_dyn_library_version' [-Wunused-variable]", column='20')
WarningErrorEntry(path='QueryablePortSK.cpp', lineno='13', severity='warning', message="unused variable '_0RL_library_version' [-Wunused-variable]", column='20')
WarningErrorEntry(path='PortTypesDynSK.cpp', lineno='7', severity='warning', message="unused variable '_0RL_dyn_library_version' [-Wunused-variable]", column='20')
WarningErrorEntry(path='NegotiablePortDynSK.cpp', lineno='7', severity='warning', message="unused variable '_0RL_dyn_library_version' [-Wunused-variable]", column='20')
WarningErrorEntry(path='LogInterfacesDynSK.cpp', lineno='7', severity='warning', message="unused variable '_0RL_dyn_library_version' [-Wunused-variable]", column='20')
WarningErrorEntry(path='NegotiablePortSK.cpp', lineno='13', severity='warning', message="unused variable '_0RL_library_version' [-Wunused-variable]", column='20')
WarningErrorEntry(path='EventChannelManagerDynSK.cpp', lineno='7', severity='warning', message="unused variable '_0RL_dyn_library_version' [-Wunused-variable]", column='20')
WarningErrorEntry(path='EventChannelManagerSK.cpp', lineno='13', severity='warning', message="unused variable '_0RL_library_version' [-Wunused-variable]", column='20')
WarningErrorEntry(path='LogInterfacesSK.cpp', lineno='13', severity='warning', message="unused variable '_0RL_library_version' [-Wunused-variable]", column='20')
WarningErrorEntry(path='AggregateDevicesDynSK.cpp', lineno='7', severity='warning', message="unused variable '_0RL_dyn_library_version' [-Wunused-variable]", column='20')
WarningErrorEntry(path='ExtendedEventDynSK.cpp', lineno='7', severity='warning', message="unused variable '_0RL_dyn_library_version' [-Wunused-variable]", column='20')
WarningErrorEntry(path='sandboxDynSK.cpp', lineno='7', severity='warning', message="unused variable '_0RL_dyn_library_version' [-Wunused-variable]", column='20')
WarningErrorEntry(path='ExtendedEventSK.cpp', lineno='13', severity='warning', message="unused variable '_0RL_library_version' [-Wunused-variable]", column='20')
WarningErrorEntry(path='sandboxSK.cpp', lineno='13', severity='warning', message="unused variable '_0RL_library_version' [-Wunused-variable]", column='20')
WarningErrorEntry(path='AggregateDevicesSK.cpp', lineno='13', severity='warning', message="unused variable '_0RL_library_version' [-Wunused-variable]", column='20')
WarningErrorEntry(path='cfDynSK.cpp', lineno='7', severity='warning', message="unused variable '_0RL_dyn_library_version' [-Wunused-variable]", column='20')
WarningErrorEntry(path='cfSK.cpp', lineno='13', severity='warning', message="unused variable '_0RL_library_version' [-Wunused-variable]", column='20')
WarningErrorEntry(path='/usr/local/include/boost/bind.hpp', lineno='36', severity='warning', message='The practice of declaring the Bind placeholders (_1, _2, ...) in the global namespace is deprecated. Please use <boost/bind/bind.hpp> + using namespace boost::placeholders, or define BOOST_BIND_GLOBAL_PLACEHOLDERS to retain the current behavior. [-W#pragma-messages]', column='1')
WarningErrorEntry(path='BufferManager.cpp', lineno='28', severity='warning', message="'CacheBlock' defined as a struct here but previously declared as a class; this is valid, but may result in linker errors under the Microsoft C++ ABI [-Wmismatched-tags]", column='1')
WarningErrorEntry(path='../include/ossie/prop_helpers.h', lineno='93', severity='warning', message='returning address of local temporary object [-Wreturn-stack-address]', column='20')
WarningErrorEntry(path='../include/ossie/logging/loghelpers.h', lineno='135', severity='warning', message="'ossie::logging::DomainCtx::configure' hides overloaded virtual function [-Woverloaded-virtual]", column='12')
WarningErrorEntry(path='../include/ossie/logging/loghelpers.h', lineno='178', severity='warning', message="'ossie::logging::DeviceMgrCtx::configure' hides overloaded virtual function [-Woverloaded-virtual]", column='12')
WarningErrorEntry(path='shm/Heap.cpp', lineno='108', severity='warning', message="private field '_id' is not used [-Wunused-private-field]", column='9')
WarningErrorEntry(path='EventChannelSupport.cpp', lineno='284', severity='warning', message="variable 'obj' is uninitialized when used within its own initialization [-Wuninitialized]", column='26')
WarningErrorEntry(path='../include/ossie/Transport.h', lineno='106', severity='warning', message="private field '_port' is not used [-Wunused-private-field]", column='19')
WarningErrorEntry(path='PropertySet_impl.cpp', lineno='85', severity='warning', message="private field 'obj' is not used [-Wunused-private-field]", column='35')
WarningErrorEntry(path='', lineno='178', severity='warning', message='virtual void _PR_copy_state(DIIPollable*);', column='16')
WarningErrorEntry(path='../../include/ossie/prop_helpers.h', lineno='93', severity='warning', message='returning address of local temporary object [-Wreturn-stack-address]', column='20')
WarningErrorEntry(path='clustermgr.cpp', lineno='8', severity='warning', message="'cluster_factory' has C-linkage specified, but returns incomplete type 'ossie::cluster::ClusterManagerResolverPtr' (aka 'shared_ptr<ossie::cluster::ClusterManagerResolver>') which could be incompatible with C [-Wreturn-type-c-linkage]", column='1')
WarningErrorEntry(path='EmptyLogCfgUri.cpp', lineno='62', severity='warning', message="'logcfg_factory' has C-linkage specified, but returns incomplete type 'ossie::logging::LogConfigUriResolverPtr' (aka 'shared_ptr<ossie::logging::LogConfigUriResolver>') which could be incompatible with C [-Wreturn-type-c-linkage]", column='1')
WarningErrorEntry(path='internal/sad-pimpl.cpp', lineno='1020', severity='warning', message='all paths through this function will call itself [-Winfinite-recursion]', column='3')
WarningErrorEntry(path='internal/prf-pimpl.h', lineno='171', severity='warning', message="'prf::inputValue_pimpl::simple' hides overloaded virtual function [-Woverloaded-virtual]", column='7')
WarningErrorEntry(path='internal/prf-pimpl.h', lineno='284', severity='warning', message="'prf::resultValue_pimpl::simple' hides overloaded virtual function [-Woverloaded-virtual]", column='7')
WarningErrorEntry(path='internal/prf-pimpl.h', lineno='303', severity='warning', message="'prf::simple_pimpl::units' hides overloaded virtual function [-Woverloaded-virtual]", column='7')
WarningErrorEntry(path='internal/prf-pimpl.h', lineno='306', severity='warning', message="'prf::simple_pimpl::range' hides overloaded virtual function [-Woverloaded-virtual]", column='7')
WarningErrorEntry(path='internal/prf-pimpl.h', lineno='405', severity='warning', message="'prf::simpleSequence_pimpl::units' hides overloaded virtual function [-Woverloaded-virtual]", column='7')
WarningErrorEntry(path='internal/prf-pimpl.h', lineno='408', severity='warning', message="'prf::simpleSequence_pimpl::range' hides overloaded virtual function [-Woverloaded-virtual]", column='7')
WarningErrorEntry(path='./internal/prf-pimpl.h', lineno='171', severity='warning', message="'prf::inputValue_pimpl::simple' hides overloaded virtual function [-Woverloaded-virtual]", column='7')
WarningErrorEntry(path='./internal/prf-pimpl.h', lineno='284', severity='warning', message="'prf::resultValue_pimpl::simple' hides overloaded virtual function [-Woverloaded-virtual]", column='7')
WarningErrorEntry(path='./internal/prf-pimpl.h', lineno='303', severity='warning', message="'prf::simple_pimpl::units' hides overloaded virtual function [-Woverloaded-virtual]", column='7')
WarningErrorEntry(path='./internal/prf-pimpl.h', lineno='306', severity='warning', message="'prf::simple_pimpl::range' hides overloaded virtual function [-Woverloaded-virtual]", column='7')
WarningErrorEntry(path='./internal/prf-pimpl.h', lineno='405', severity='warning', message="'prf::simpleSequence_pimpl::units' hides overloaded virtual function [-Woverloaded-virtual]", column='7')
WarningErrorEntry(path='./internal/prf-pimpl.h', lineno='408', severity='warning', message="'prf::simpleSequence_pimpl::range' hides overloaded virtual function [-Woverloaded-virtual]", column='7')
WarningErrorEntry(path='../../base/include/ossie/prop_helpers.h', lineno='93', severity='warning', message='returning address of local temporary object [-Wreturn-stack-address]', column='20')
WarningErrorEntry(path='../../../base/include/ossie/prop_helpers.h', lineno='93', severity='warning', message='returning address of local temporary object [-Wreturn-stack-address]', column='20')
WarningErrorEntry(path='../../../base/include/ossie/logging/loghelpers.h', lineno='135', severity='warning', message="'ossie::logging::DomainCtx::configure' hides overloaded virtual function [-Woverloaded-virtual]", column='12')
WarningErrorEntry(path='../../../base/include/ossie/logging/loghelpers.h', lineno='178', severity='warning', message="'ossie::logging::DeviceMgrCtx::configure' hides overloaded virtual function [-Woverloaded-virtual]", column='12')
WarningErrorEntry(path='./PersistenceStore.h', lineno='65', severity='warning', message="'DeviceNode' defined as a struct here but previously declared as a class; this is valid, but may result in linker errors under the Microsoft C++ ABI [-Wmismatched-tags]", column='5')
WarningErrorEntry(path='./DeploymentExceptions.h', lineno='35', severity='warning', message="class 'DeviceNode' was previously declared as a struct; this is valid, but may result in linker errors under the Microsoft C++ ABI [-Wmismatched-tags]", column='5')
WarningErrorEntry(path='Deployment.cpp', lineno='264', severity='warning', message="field 'appComponent' will be initialized after field '_isCluster' [-Wreorder-ctor]", column='5')
WarningErrorEntry(path='ApplicationFactory_impl.cpp', lineno='2512', severity='warning', message="explicitly assigning value of variable of type 'std::string' (aka 'basic_string<char>') to itself [-Wself-assign-overloaded]", column='20')
WarningErrorEntry(path='main.cpp', lineno='58', severity='warning', message="unused variable 'sig_fd' [-Wunused-variable]", column='12')
WarningErrorEntry(path='main.cpp', lineno='84', severity='warning', message="unused function 'child_exit' [-Wunused-function]", column='13')
